mode: set
json_formatter/internal/lexer/lexer.go:10.45,11.44 1 1
json_formatter/internal/lexer/lexer.go:11.44,18.22 5 1
json_formatter/internal/lexer/lexer.go:18.22,24.16 5 1
json_formatter/internal/lexer/lexer.go:24.16,26.22 2 1
json_formatter/internal/lexer/lexer.go:26.22,28.6 1 0
json_formatter/internal/lexer/lexer.go:33.3,33.39 1 1
json_formatter/internal/lexer/lexer.go:33.39,36.4 2 0
json_formatter/internal/lexer/lexer.go:40.87,41.11 1 1
json_formatter/internal/lexer/lexer.go:41.11,43.3 1 1
json_formatter/internal/lexer/lexer.go:45.2,48.23 4 1
json_formatter/internal/lexer/lexer.go:48.23,50.12 2 1
json_formatter/internal/lexer/lexer.go:51.12,52.21 1 1
json_formatter/internal/lexer/lexer.go:52.21,54.5 1 1
json_formatter/internal/lexer/lexer.go:55.12,56.39 1 1
json_formatter/internal/lexer/lexer.go:56.39,58.5 1 1
json_formatter/internal/lexer/lexer.go:62.2,62.23 1 1
json_formatter/internal/lexer/lexer.go:65.79,67.27 2 1
json_formatter/internal/lexer/lexer.go:67.27,68.19 1 1
json_formatter/internal/lexer/lexer.go:69.12,70.15 1 1
json_formatter/internal/lexer/lexer.go:71.13,72.10 1 1
json_formatter/internal/lexer/lexer.go:73.13,74.12 1 0
json_formatter/internal/lexer/lexer.go:75.13,77.9 2 1
json_formatter/internal/lexer/lexer.go:78.11,79.23 1 1
json_formatter/internal/lexer/lexer.go:82.2,82.30 1 0
json_formatter/internal/lexer/lexer.go:85.86,89.20 3 1
json_formatter/internal/lexer/lexer.go:90.9,91.69 1 0
json_formatter/internal/lexer/lexer.go:92.11,93.72 1 1
json_formatter/internal/lexer/lexer.go:94.11,95.76 1 1
json_formatter/internal/lexer/lexer.go:96.11,97.78 1 1
json_formatter/internal/lexer/lexer.go:98.11,99.79 1 1
json_formatter/internal/lexer/lexer.go:100.11,101.77 1 1
json_formatter/internal/lexer/lexer.go:102.11,103.78 1 1
json_formatter/internal/lexer/lexer.go:104.11,107.9 3 1
json_formatter/internal/lexer/lexer.go:107.9,109.4 1 1
json_formatter/internal/lexer/lexer.go:110.3,110.45 1 1
json_formatter/internal/lexer/lexer.go:111.10,115.9 3 1
json_formatter/internal/lexer/lexer.go:115.9,117.4 1 1
json_formatter/internal/lexer/lexer.go:119.3,120.9 2 1
json_formatter/internal/lexer/lexer.go:120.9,122.4 1 1
json_formatter/internal/lexer/lexer.go:123.3,123.45 1 1
json_formatter/internal/lexer/lexer.go:127.96,128.23 1 1
json_formatter/internal/lexer/lexer.go:128.23,130.3 1 1
json_formatter/internal/lexer/lexer.go:132.2,134.34 3 1
json_formatter/internal/lexer/lexer.go:134.34,135.15 1 1
json_formatter/internal/lexer/lexer.go:135.15,137.12 2 1
json_formatter/internal/lexer/lexer.go:139.3,139.12 1 1
json_formatter/internal/lexer/lexer.go:140.12,141.113 1 1
json_formatter/internal/lexer/lexer.go:142.13,144.10 2 1
json_formatter/internal/lexer/lexer.go:144.10,146.5 1 1
json_formatter/internal/lexer/lexer.go:146.10,148.5 1 1
json_formatter/internal/lexer/lexer.go:149.11,150.24 1 1
json_formatter/internal/lexer/lexer.go:150.24,152.5 1 1
json_formatter/internal/lexer/lexer.go:156.2,156.115 1 1
json_formatter/internal/lexer/lexer.go:159.54,161.32 2 1
json_formatter/internal/lexer/lexer.go:161.32,162.13 1 1
json_formatter/internal/lexer/lexer.go:162.13,163.17 1 1
json_formatter/internal/lexer/lexer.go:163.17,165.5 1 1
json_formatter/internal/lexer/lexer.go:166.9,166.20 1 1
json_formatter/internal/lexer/lexer.go:166.20,167.13 1 1
json_formatter/internal/lexer/lexer.go:168.49,169.19 1 1
json_formatter/internal/lexer/lexer.go:170.13,171.29 1 1
json_formatter/internal/lexer/lexer.go:171.29,173.6 1 1
json_formatter/internal/lexer/lexer.go:174.5,174.19 1 1
json_formatter/internal/lexer/lexer.go:175.12,176.20 1 1
json_formatter/internal/lexer/lexer.go:178.9,178.30 1 1
json_formatter/internal/lexer/lexer.go:178.30,179.29 1 1
json_formatter/internal/lexer/lexer.go:179.29,181.5 1 1
json_formatter/internal/lexer/lexer.go:182.9,184.4 1 1
json_formatter/internal/lexer/lexer.go:187.2,187.16 1 1
json_formatter/internal/lexer/lexer.go:190.25,192.2 1 1
json_formatter/internal/lexer/lexer.go:194.33,196.2 1 1
json_formatter/internal/lexer/lexer.go:198.97,200.12 2 1
json_formatter/internal/lexer/lexer.go:200.12,202.24 2 1
json_formatter/internal/lexer/lexer.go:202.24,203.49 1 1
json_formatter/internal/lexer/lexer.go:203.49,205.5 1 1
json_formatter/internal/lexer/lexer.go:206.4,206.81 1 1
json_formatter/internal/lexer/lexer.go:207.9,207.31 1 1
json_formatter/internal/lexer/lexer.go:207.31,208.49 1 1
json_formatter/internal/lexer/lexer.go:208.49,210.5 1 1
json_formatter/internal/lexer/lexer.go:211.4,211.81 1 1
json_formatter/internal/lexer/lexer.go:213.9,213.20 1 1
json_formatter/internal/lexer/lexer.go:213.20,215.26 2 1
json_formatter/internal/lexer/lexer.go:215.26,216.50 1 1
json_formatter/internal/lexer/lexer.go:216.50,218.6 1 1
json_formatter/internal/lexer/lexer.go:219.5,219.84 1 1
json_formatter/internal/lexer/lexer.go:224.2,224.45 1 1
json_formatter/internal/lexer/lexer.go:227.96,230.23 3 1
json_formatter/internal/lexer/lexer.go:230.23,232.3 1 1
json_formatter/internal/lexer/lexer.go:234.2,235.37 2 1
json_formatter/internal/lexer/lexer.go:235.37,237.3 1 1
json_formatter/internal/lexer/lexer.go:239.2,239.30 1 1
json_formatter/internal/lexer/lexer.go:239.30,240.35 1 1
json_formatter/internal/lexer/lexer.go:240.35,241.19 1 1
json_formatter/internal/lexer/lexer.go:241.19,242.10 1 1
json_formatter/internal/lexer/lexer.go:244.4,244.7 1 1
json_formatter/internal/lexer/lexer.go:246.3,246.17 1 1
json_formatter/internal/lexer/lexer.go:246.17,248.4 1 1
json_formatter/internal/lexer/lexer.go:249.8,251.3 1 1
json_formatter/internal/lexer/lexer.go:253.2,254.14 2 1
json_formatter/internal/lexer/lexer.go:254.14,257.49 2 1
json_formatter/internal/lexer/lexer.go:257.49,259.4 1 1
json_formatter/internal/lexer/lexer.go:261.3,261.35 1 1
json_formatter/internal/lexer/lexer.go:261.35,262.19 1 1
json_formatter/internal/lexer/lexer.go:262.19,263.10 1 1
json_formatter/internal/lexer/lexer.go:265.4,265.7 1 1
json_formatter/internal/lexer/lexer.go:267.3,267.17 1 1
json_formatter/internal/lexer/lexer.go:267.17,269.4 1 1
json_formatter/internal/lexer/lexer.go:272.2,273.26 2 1
json_formatter/internal/lexer/lexer.go:273.26,276.17 2 1
json_formatter/internal/lexer/lexer.go:276.17,278.4 1 1
json_formatter/internal/lexer/lexer.go:280.3,281.27 2 1
json_formatter/internal/lexer/lexer.go:281.27,283.4 1 1
json_formatter/internal/lexer/lexer.go:285.3,285.49 1 1
json_formatter/internal/lexer/lexer.go:285.49,287.4 1 1
json_formatter/internal/lexer/lexer.go:289.3,289.35 1 1
json_formatter/internal/lexer/lexer.go:289.35,290.19 1 1
json_formatter/internal/lexer/lexer.go:290.19,291.10 1 1
json_formatter/internal/lexer/lexer.go:293.4,293.7 1 1
json_formatter/internal/lexer/lexer.go:295.3,295.17 1 1
json_formatter/internal/lexer/lexer.go:295.17,297.4 1 1
json_formatter/internal/lexer/lexer.go:299.2,300.22 2 1
json_formatter/internal/lexer/lexer.go:300.22,302.3 1 1
json_formatter/internal/lexer/lexer.go:304.2,304.45 1 1
json_formatter/internal/lexer/lexer.go:307.41,309.2 1 1
json_formatter/internal/lexer/lexer.go:311.27,313.2 1 1
json_formatter/internal/lexer/lexer.go:315.27,319.2 1 1
json_formatter/internal/lexer/lexer.go:321.90,322.32 1 1
json_formatter/internal/lexer/lexer.go:322.32,323.25 1 1
json_formatter/internal/lexer/lexer.go:323.25,324.12 1 1
json_formatter/internal/lexer/lexer.go:326.3,326.17 1 1
json_formatter/internal/lexer/lexer.go:326.17,327.37 1 1
json_formatter/internal/lexer/lexer.go:327.37,330.5 1 1
json_formatter/internal/lexer/lexer.go:331.4,331.90 1 1
json_formatter/internal/lexer/lexer.go:334.2,334.101 1 1
